2019-06-11 10:33:40,495 ----------------------------------------------------------------------------------------------------
2019-06-11 10:33:40,495 Evaluation method: MICRO_F1_SCORE
2019-06-11 10:33:40,583 ----------------------------------------------------------------------------------------------------
2019-06-11 10:33:45,607 epoch 1 - iter 0/6 - loss 2.35947251
2019-06-11 10:34:05,023 epoch 1 - iter 1/6 - loss 2.28774142
2019-06-11 10:34:08,534 epoch 1 - iter 2/6 - loss 2.20995577
2019-06-11 10:34:13,945 epoch 1 - iter 3/6 - loss 2.16385496
2019-06-11 10:34:19,814 ----------------------------------------------------------------------------------------------------
2019-06-11 10:34:19,814 Exiting from training early.
2019-06-11 10:34:19,814 Saving model ...
2019-06-11 10:34:23,375 Done.
2019-06-11 10:34:23,391 ----------------------------------------------------------------------------------------------------
2019-06-11 10:34:23,391 Testing using best model ...
2019-06-11 10:34:23,392 loading file best-model.pt
2019-06-11 10:34:28,027 0.5217	0.5217	0.5217
2019-06-11 10:34:28,028 
MICRO_AVG: acc 0.3529 - f1-score 0.5217
MACRO_AVG: acc 0.0949 - f1-score 0.12093333333333334
AI         tp: 7 - fp: 3 - fn: 2 - tn: 11 - precision: 0.7000 - recall: 0.7778 - accuracy: 0.5833 - f1-score: 0.7369
Analysis   tp: 0 - fp: 0 - fn: 0 - tn: 23 - precision: 0.0000 - recall: 0.0000 - accuracy: 0.0000 - f1-score: 0.0000
Analytics  tp: 0 - fp: 0 - fn: 0 - tn: 23 - precision: 0.0000 - recall: 0.0000 - accuracy: 0.0000 - f1-score: 0.0000
Containers tp: 0 - fp: 0 - fn: 0 - tn: 23 - precision: 0.0000 - recall: 0.0000 - accuracy: 0.0000 - f1-score: 0.0000
Customer   tp: 0 - fp: 0 - fn: 1 - tn: 22 - precision: 0.0000 - recall: 0.0000 - accuracy: 0.0000 - f1-score: 0.0000
DevOps     tp: 0 - fp: 3 - fn: 1 - tn: 19 - precision: 0.0000 - recall: 0.0000 - accuracy: 0.0000 - f1-score: 0.0000
DevOps,    tp: 0 - fp: 0 - fn: 3 - tn: 20 - precision: 0.0000 - recall: 0.0000 - accuracy: 0.0000 - f1-score: 0.0000
Frontend   tp: 0 - fp: 0 - fn: 0 - tn: 23 - precision: 0.0000 - recall: 0.0000 - accuracy: 0.0000 - f1-score: 0.0000
Machine    tp: 0 - fp: 0 - fn: 1 - tn: 22 - precision: 0.0000 - recall: 0.0000 - accuracy: 0.0000 - f1-score: 0.0000
Networking tp: 0 - fp: 0 - fn: 1 - tn: 22 - precision: 0.0000 - recall: 0.0000 - accuracy: 0.0000 - f1-score: 0.0000
cloud      tp: 0 - fp: 2 - fn: 1 - tn: 20 - precision: 0.0000 - recall: 0.0000 - accuracy: 0.0000 - f1-score: 0.0000
nan        tp: 5 - fp: 3 - fn: 1 - tn: 14 - precision: 0.6250 - recall: 0.8333 - accuracy: 0.5556 - f1-score: 0.7143
2019-06-11 10:34:28,028 ----------------------------------------------------------------------------------------------------
